Arguments: 
  C:\Program Files\nodejs\node.exe C:\Program Files (x86)\Yarn\bin\yarn.js dev

PATH: 
  C:\Windows\system32;C:\Windows;C:\Windows\System32\Wbem;C:\Windows\System32\WindowsPowerShell\v1.0\;C:\Windows\System32\OpenSSH\;C:\Program Files\PuTTY\;C:\Users\ironc\AppData\Local\Microsoft\WindowsApps;C:\Users\ironc\AppData\Local\GitHubDesktop\bin;C:\Users\ironc\AppData\Local\atom\bin;C:\Users\ironc\AppData\Roaming\npm, C:\php73;C:\Program Files\gs\gs9.50\lib;C:\Program Files\gs\gs9.50\bin;C:\php73;C:\ProgramData\ComposerSetup\bin;C:\Program Files\Git\cmd;C:\WINDOWS\system32;C:\WINDOWS;C:\WINDOWS\System32\Wbem;C:\WINDOWS\System32\WindowsPowerShell\v1.0\;C:\WINDOWS\System32\OpenSSH\;C:\Program Files (x86)\Windows Kits\10\Windows Performance Toolkit\;C:\Program Files (x86)\Yarn\bin\;C:\Program Files\nodejs\;C:\Program Files\LLVM\bin;C:\Users\ironc\.windows-build-tools\python27\;C:\Program Files\nodejs\node_modules\npm\node_modules\npm-lifecycle\node-gyp-bin;C:\Users\ironc\AppData\Roaming\npm\node_modules\windows-build-tools\node_modules\.bin;C:\Users\ironc\AppData\Roaming\npm\node_modules\.bin;C:\Users\ironc\AppData\Roaming\Composer\vendor\bin;C:\Users\ironc\AppData\Local\Yarn\bin;C:\Users\ironc\AppData\Roaming\npm

Yarn version: 
  1.22.4

Node version: 
  12.14.1

Platform: 
  win32 x64

Trace: 
  SyntaxError: C:\Users\ironc\Documents\GitHub\MQTT_API_server\package.json: Unexpected token } in JSON at position 693
      at JSON.parse (<anonymous>)
      at C:\Program Files (x86)\Yarn\lib\cli.js:1625:59
      at Generator.next (<anonymous>)
      at step (C:\Program Files (x86)\Yarn\lib\cli.js:310:30)
      at C:\Program Files (x86)\Yarn\lib\cli.js:321:13

npm manifest: 
  {
    "name": "mqtt_api_server",
    "version": "1.0.0",
    "description": "",
    "main": "server.js",
    "scripts": {
      "test": "echo \"Error: no test specified\" && exit 1",
      "start": "node server.js",
      "client": "cd mqtt_client && yarn start",
      "server": "nodemon server.js",
      "dev": "concurrently --kill-others-on-fail \"yarn server\" \"yarn client\""
    },
    "author": "",
    "license": "ISC",
    "dependencies": {
      "aedes": "^0.40.1",
      "moment": "^2.24.0",
      "mqtt": "^3.0.0",
      "node-hue-api": "^4.0.5",
      "save": "^2.4.0",
      "tplink-smarthome-api": "^2.0.0",
      "uuid": "^3.4.0"
    },
    "devDependencies": {
      "concurrently": "^4.0.1",
      "nodemon": "^2.0.2"
    },
  }

yarn manifest: 
  No manifest

Lockfile: 
  No lockfile
